Using pre-set license
Built from '2020.3/staging' branch; Version is '2020.3.6f1 (338bb68529b2) revision 3378102'; Using compiler version '192528614'; Build Type 'Release'
OS: 'Windows 10 Pro; OS build 19044.1706; Version 2009; 64bit' Language: 'pt' Physical Memory: 16315 MB
BatchMode: 1, IsHumanControllingUs: 0, StartBugReporterOnCrash: 0, Is64bit: 1, IsPro: 0

 COMMAND LINE ARGUMENTS:
C:\Program Files\Unity\Hub\Editor\2020.3.6f1\Editor\Unity.exe
-adb2
-batchMode
-noUpm
-name
AssetImportWorker0
-projectPath
C:/Users/luizm/OneDrive/Documentos/Unity/ClickerIdleGame/ClickerIdleGame
-logFile
Logs/AssetImportWorker0.log
-srvPort
53226
Successfully changed project path to: C:/Users/luizm/OneDrive/Documentos/Unity/ClickerIdleGame/ClickerIdleGame
C:/Users/luizm/OneDrive/Documentos/Unity/ClickerIdleGame/ClickerIdleGame
Using Asset Import Pipeline V2.
Refreshing native plugins compatible for Editor in 26.93 ms, found 0 plugins.
Preloading 0 native plugins for Editor in 0.00 ms.
Initialize engine version: 2020.3.6f1 (338bb68529b2)
[Subsystems] Discovering subsystems at path C:/Program Files/Unity/Hub/Editor/2020.3.6f1/Editor/Data/Resources/UnitySubsystems
[Subsystems] Discovering subsystems at path C:/Users/luizm/OneDrive/Documentos/Unity/ClickerIdleGame/ClickerIdleGame/Assets
GfxDevice: creating device client; threaded=0
Direct3D:
    Version:  Direct3D 11.0 [level 11.1]
    Renderer: NVIDIA GeForce GTX 1060 3GB (ID=0x1c02)
    Vendor:   
    VRAM:     2988 MB
    Driver:   30.0.14.9676
Initialize mono
Mono path[0] = 'C:/Program Files/Unity/Hub/Editor/2020.3.6f1/Editor/Data/Managed'
Mono path[1] = 'C:/Program Files/Unity/Hub/Editor/2020.3.6f1/Editor/Data/MonoBleedingEdge/lib/mono/unityjit'
Mono config path = 'C:/Program Files/Unity/Hub/Editor/2020.3.6f1/Editor/Data/MonoBleedingEdge/etc'
Using monoOptions --debugger-agent=transport=dt_socket,embedding=1,server=y,suspend=n,address=127.0.0.1:56904
Begin MonoManager ReloadAssembly
Registering precompiled unity dll's ...
Register platform support module: C:/Program Files/Unity/Hub/Editor/2020.3.6f1/Editor/Data/PlaybackEngines/WindowsStandaloneSupport/UnityEditor.WindowsStandalone.Extensions.dll
Registered in 0.002840 seconds.
Native extension for WindowsStandalone target not found
Refreshing native plugins compatible for Editor in 25.31 ms, found 0 plugins.
Preloading 0 native plugins for Editor in 0.00 ms.
Mono: successfully reloaded assembly
- Completed reload, in  1.310 seconds
Platform modules already initialized, skipping
Registering precompiled user dll's ...
Registered in 0.001041 seconds.
Begin MonoManager ReloadAssembly
Native extension for WindowsStandalone target not found
Refreshing native plugins compatible for Editor in 0.25 ms, found 0 plugins.
Preloading 0 native plugins for Editor in 0.00 ms.
Mono: successfully reloaded assembly
- Completed reload, in  0.919 seconds
Platform modules already initialized, skipping
========================================================================
Worker process is ready to serve import requests
Launched and connected shader compiler UnityShaderCompiler.exe after 0.14 seconds
Refreshing native plugins compatible for Editor in 0.34 ms, found 0 plugins.
Preloading 0 native plugins for Editor in 0.00 ms.
Unloading 1115 Unused Serialized files (Serialized files now loaded: 0)
System memory in use before: 57.1 MB.
System memory in use after: 57.1 MB.

Unloading 10 unused Assets to reduce memory usage. Loaded Objects now: 1558.
Total: 1.784700 ms (FindLiveObjects: 0.146500 ms CreateObjectMapping: 0.027500 ms MarkObjects: 1.511500 ms  DeleteObjects: 0.098300 ms)

========================================================================
Received Import Request.
  path: Assets/Textures
  artifactKey: Guid(d37e63b999c2d7947b244745986ec676) Importer(815301076,1909f56bfc062723c751e8b465ee728b)
Start importing Assets/Textures using Guid(d37e63b999c2d7947b244745986ec676) Importer(815301076,1909f56bfc062723c751e8b465ee728b)  -> (artifact id: '82f9baecda74579f386d495ee3f605ee') in 0.012996 seconds
  Import took 0.016503 seconds .

========================================================================
Received Import Request.
  Time since last request: 10.926668 seconds.
  path: Assets/Textures/trash-1648811-1401297.png
  artifactKey: Guid(d22d6bc3616f92c489499693dcdde293) Importer(815301076,1909f56bfc062723c751e8b465ee728b)
Start importing Assets/Textures/trash-1648811-1401297.png using Guid(d22d6bc3616f92c489499693dcdde293) Importer(815301076,1909f56bfc062723c751e8b465ee728b)  -> (artifact id: '85bc5a7042c40bd492551d61804c4c17') in 0.082178 seconds
  Import took 0.084841 seconds .

========================================================================
Received Import Request.
  Time since last request: 21.830887 seconds.
  path: Assets/Textures/lixeira.jpge.webp
  artifactKey: Guid(01a6a7fdad5547646addc9285f2a89fa) Importer(815301076,1909f56bfc062723c751e8b465ee728b)
Start importing Assets/Textures/lixeira.jpge.webp using Guid(01a6a7fdad5547646addc9285f2a89fa) Importer(815301076,1909f56bfc062723c751e8b465ee728b)  -> (artifact id: 'a9af938a8e80fa0fee602ddd6329710c') in 0.010886 seconds
  Import took 0.013977 seconds .

========================================================================
Received Import Request.
  Time since last request: 17.088660 seconds.
  path: Assets/Textures/lixeira transparente.jpg
  artifactKey: Guid(a217e649afacb544a8cf0e16c89024ae) Importer(815301076,1909f56bfc062723c751e8b465ee728b)
Start importing Assets/Textures/lixeira transparente.jpg using Guid(a217e649afacb544a8cf0e16c89024ae) Importer(815301076,1909f56bfc062723c751e8b465ee728b)  -> (artifact id: 'd71dc91a6ec75478200a77552b78f0bd') in 0.013198 seconds
  Import took 0.016463 seconds .

========================================================================
Received Import Request.
  Time since last request: 168.721691 seconds.
  path: Assets/Scenes
  artifactKey: Guid(230a4c6004baed9488e277e92e9e4604) Importer(815301076,1909f56bfc062723c751e8b465ee728b)
Start importing Assets/Scenes using Guid(230a4c6004baed9488e277e92e9e4604) Importer(815301076,1909f56bfc062723c751e8b465ee728b)  -> (artifact id: 'eceb3508a16339c8a7c640b9a8b267f8') in 0.007070 seconds
  Import took 0.010648 seconds .

========================================================================
Received Import Request.
  Time since last request: 0.752863 seconds.
  path: Assets/Textures/lixeira transparente.jpg
  artifactKey: Guid(a217e649afacb544a8cf0e16c89024ae) Importer(815301076,1909f56bfc062723c751e8b465ee728b)
Start importing Assets/Textures/lixeira transparente.jpg using Guid(a217e649afacb544a8cf0e16c89024ae) Importer(815301076,1909f56bfc062723c751e8b465ee728b)  -> (artifact id: '4990ddf2711c5223dd0fa8d7f3ffd431') in 0.008557 seconds
  Import took 0.010967 seconds .

========================================================================
Received Import Request.
  Time since last request: 6.055290 seconds.
  path: Assets/Textures/lixeira transparente.jpg
  artifactKey: Guid(a217e649afacb544a8cf0e16c89024ae) Importer(815301076,1909f56bfc062723c751e8b465ee728b)
Start importing Assets/Textures/lixeira transparente.jpg using Guid(a217e649afacb544a8cf0e16c89024ae) Importer(815301076,1909f56bfc062723c751e8b465ee728b)  -> (artifact id: 'f872192c6b46fca75395af2dab1cb610') in 0.051251 seconds
  Import took 0.053543 seconds .

========================================================================
Received Prepare
Registering precompiled user dll's ...
Registered in 0.000894 seconds.
Begin MonoManager ReloadAssembly
Native extension for WindowsStandalone target not found
Refreshing native plugins compatible for Editor in 0.36 ms, found 0 plugins.
Preloading 0 native plugins for Editor in 0.00 ms.
Mono: successfully reloaded assembly
- Completed reload, in  0.844 seconds
Platform modules already initialized, skipping
Refreshing native plugins compatible for Editor in 0.21 ms, found 0 plugins.
Preloading 0 native plugins for Editor in 0.00 ms.
Unloading 1110 Unused Serialized files (Serialized files now loaded: 0)
System memory in use before: 60.1 MB.
System memory in use after: 60.2 MB.

Unloading 5 unused Assets to reduce memory usage. Loaded Objects now: 1567.
Total: 1.643600 ms (FindLiveObjects: 0.149600 ms CreateObjectMapping: 0.028900 ms MarkObjects: 1.415600 ms  DeleteObjects: 0.048400 ms)

========================================================================
Received Prepare
Registering precompiled user dll's ...
Registered in 0.000944 seconds.
Begin MonoManager ReloadAssembly
Native extension for WindowsStandalone target not found
Refreshing native plugins compatible for Editor in 0.22 ms, found 0 plugins.
Preloading 0 native plugins for Editor in 0.00 ms.
Mono: successfully reloaded assembly
- Completed reload, in  0.839 seconds
Platform modules already initialized, skipping
Refreshing native plugins compatible for Editor in 0.21 ms, found 0 plugins.
Preloading 0 native plugins for Editor in 0.00 ms.
Unloading 1110 Unused Serialized files (Serialized files now loaded: 0)
System memory in use before: 60.2 MB.
System memory in use after: 60.2 MB.

Unloading 5 unused Assets to reduce memory usage. Loaded Objects now: 1570.
Total: 1.742000 ms (FindLiveObjects: 0.151300 ms CreateObjectMapping: 0.028500 ms MarkObjects: 1.504300 ms  DeleteObjects: 0.056800 ms)

========================================================================
Received Prepare
Registering precompiled user dll's ...
Registered in 0.000865 seconds.
Begin MonoManager ReloadAssembly
Native extension for WindowsStandalone target not found
Refreshing native plugins compatible for Editor in 0.21 ms, found 0 plugins.
Preloading 0 native plugins for Editor in 0.00 ms.
Mono: successfully reloaded assembly
- Completed reload, in  0.831 seconds
Platform modules already initialized, skipping
Refreshing native plugins compatible for Editor in 0.21 ms, found 0 plugins.
Preloading 0 native plugins for Editor in 0.00 ms.
Unloading 1111 Unused Serialized files (Serialized files now loaded: 0)
System memory in use before: 60.2 MB.
System memory in use after: 60.3 MB.

Unloading 5 unused Assets to reduce memory usage. Loaded Objects now: 1574.
Total: 1.679600 ms (FindLiveObjects: 0.189900 ms CreateObjectMapping: 0.028700 ms MarkObjects: 1.405900 ms  DeleteObjects: 0.053600 ms)

========================================================================
Received Import Request.
  Time since last request: 661.683351 seconds.
  path: Assets
  artifactKey: Guid(00000000000000001000000000000000) Importer(815301076,1909f56bfc062723c751e8b465ee728b)
Start importing Assets using Guid(00000000000000001000000000000000) Importer(815301076,1909f56bfc062723c751e8b465ee728b)  -> (artifact id: '2c602d4445bd9e0e517b9a7c882a2249') in 0.009130 seconds
  Import took 0.011172 seconds .

========================================================================
Received Import Request.
  Time since last request: 4.516953 seconds.
  path: Assets/Scripts
  artifactKey: Guid(59eaf1175e65fd44cb1ec34bffab3d05) Importer(815301076,1909f56bfc062723c751e8b465ee728b)
Start importing Assets/Scripts using Guid(59eaf1175e65fd44cb1ec34bffab3d05) Importer(815301076,1909f56bfc062723c751e8b465ee728b)  -> (artifact id: '3b75dba2b1a52d588106a9a3968eb771') in 0.007020 seconds
  Import took 0.009070 seconds .

========================================================================
Received Import Request.
  Time since last request: 1.294171 seconds.
  path: Assets/GameManager.cs
  artifactKey: Guid(480f01a0d24edba4c894bc2837a93bc1) Importer(815301076,1909f56bfc062723c751e8b465ee728b)
Start importing Assets/GameManager.cs using Guid(480f01a0d24edba4c894bc2837a93bc1) Importer(815301076,1909f56bfc062723c751e8b465ee728b)  -> (artifact id: '72128a41297249a10842c043fea18b07') in 0.009527 seconds
  Import took 0.012285 seconds .

========================================================================
Received Import Request.
  Time since last request: 0.001289 seconds.
  path: Assets/GameManager.cs
  artifactKey: Guid(480f01a0d24edba4c894bc2837a93bc1) Importer(815301076,1909f56bfc062723c751e8b465ee728b)
Start importing Assets/GameManager.cs using Guid(480f01a0d24edba4c894bc2837a93bc1) Importer(815301076,1909f56bfc062723c751e8b465ee728b)  -> (artifact id: '72128a41297249a10842c043fea18b07') in 0.003187 seconds
  Import took 0.005020 seconds .

========================================================================
Received Prepare
Registering precompiled user dll's ...
Registered in 0.000851 seconds.
Begin MonoManager ReloadAssembly
Native extension for WindowsStandalone target not found
Refreshing native plugins compatible for Editor in 0.25 ms, found 0 plugins.
Preloading 0 native plugins for Editor in 0.00 ms.
Mono: successfully reloaded assembly
- Completed reload, in  0.991 seconds
Platform modules already initialized, skipping
Refreshing native plugins compatible for Editor in 0.22 ms, found 0 plugins.
Preloading 0 native plugins for Editor in 0.00 ms.
Unloading 1111 Unused Serialized files (Serialized files now loaded: 0)
System memory in use before: 60.2 MB.
System memory in use after: 60.3 MB.

Unloading 5 unused Assets to reduce memory usage. Loaded Objects now: 1577.
Total: 1.876600 ms (FindLiveObjects: 0.159900 ms CreateObjectMapping: 0.029800 ms MarkObjects: 1.624400 ms  DeleteObjects: 0.061000 ms)

========================================================================
Received Prepare
Registering precompiled user dll's ...
Registered in 0.000882 seconds.
Begin MonoManager ReloadAssembly
Native extension for WindowsStandalone target not found
Refreshing native plugins compatible for Editor in 0.22 ms, found 0 plugins.
Preloading 0 native plugins for Editor in 0.00 ms.
Mono: successfully reloaded assembly
- Completed reload, in  0.829 seconds
Platform modules already initialized, skipping
Refreshing native plugins compatible for Editor in 0.20 ms, found 0 plugins.
Preloading 0 native plugins for Editor in 0.00 ms.
Unloading 1111 Unused Serialized files (Serialized files now loaded: 0)
System memory in use before: 60.2 MB.
System memory in use after: 60.3 MB.

Unloading 5 unused Assets to reduce memory usage. Loaded Objects now: 1580.
Total: 1.609300 ms (FindLiveObjects: 0.150600 ms CreateObjectMapping: 0.027900 ms MarkObjects: 1.378700 ms  DeleteObjects: 0.051200 ms)

========================================================================
Received Prepare
Registering precompiled user dll's ...
Registered in 0.001049 seconds.
Begin MonoManager ReloadAssembly
Native extension for WindowsStandalone target not found
Refreshing native plugins compatible for Editor in 0.30 ms, found 0 plugins.
Preloading 0 native plugins for Editor in 0.00 ms.
Mono: successfully reloaded assembly
- Completed reload, in  0.887 seconds
Platform modules already initialized, skipping
Refreshing native plugins compatible for Editor in 0.21 ms, found 0 plugins.
Preloading 0 native plugins for Editor in 0.00 ms.
Unloading 1112 Unused Serialized files (Serialized files now loaded: 0)
System memory in use before: 60.3 MB.
System memory in use after: 60.4 MB.

Unloading 5 unused Assets to reduce memory usage. Loaded Objects now: 1584.
Total: 1.746200 ms (FindLiveObjects: 0.165400 ms CreateObjectMapping: 0.029200 ms MarkObjects: 1.489800 ms  DeleteObjects: 0.060600 ms)

========================================================================
Received Import Request.
  Time since last request: 106.754330 seconds.
  path: Assets/Game.cs
  artifactKey: Guid(ac95d22cda1eec74ab4949316b6840cd) Importer(815301076,1909f56bfc062723c751e8b465ee728b)
Start importing Assets/Game.cs using Guid(ac95d22cda1eec74ab4949316b6840cd) Importer(815301076,1909f56bfc062723c751e8b465ee728b)  -> (artifact id: '5f063e35703b15f7151227bb5d81a568') in 0.009527 seconds
  Import took 0.012090 seconds .

========================================================================
Received Import Request.
  Time since last request: 0.001331 seconds.
  path: Assets/Game.cs
  artifactKey: Guid(ac95d22cda1eec74ab4949316b6840cd) Importer(815301076,1909f56bfc062723c751e8b465ee728b)
Start importing Assets/Game.cs using Guid(ac95d22cda1eec74ab4949316b6840cd) Importer(815301076,1909f56bfc062723c751e8b465ee728b)  -> (artifact id: '5f063e35703b15f7151227bb5d81a568') in 0.003573 seconds
  Import took 0.005519 seconds .

========================================================================
Received Prepare
Registering precompiled user dll's ...
Registered in 0.000941 seconds.
Begin MonoManager ReloadAssembly
Native extension for WindowsStandalone target not found
Refreshing native plugins compatible for Editor in 0.21 ms, found 0 plugins.
Preloading 0 native plugins for Editor in 0.00 ms.
Mono: successfully reloaded assembly
- Completed reload, in  0.911 seconds
Platform modules already initialized, skipping
Refreshing native plugins compatible for Editor in 0.22 ms, found 0 plugins.
Preloading 0 native plugins for Editor in 0.00 ms.
Unloading 1112 Unused Serialized files (Serialized files now loaded: 0)
System memory in use before: 60.3 MB.
System memory in use after: 60.4 MB.

Unloading 5 unused Assets to reduce memory usage. Loaded Objects now: 1587.
Total: 2.402300 ms (FindLiveObjects: 0.178600 ms CreateObjectMapping: 0.029300 ms MarkObjects: 2.115800 ms  DeleteObjects: 0.076700 ms)

========================================================================
Received Import Request.
  Time since last request: 4.981270 seconds.
  path: Assets/Scripts/GameManager.cs
  artifactKey: Guid(480f01a0d24edba4c894bc2837a93bc1) Importer(815301076,1909f56bfc062723c751e8b465ee728b)
Start importing Assets/Scripts/GameManager.cs using Guid(480f01a0d24edba4c894bc2837a93bc1) Importer(815301076,1909f56bfc062723c751e8b465ee728b)  -> (artifact id: '9dd61fdcc4b342f66efee6cd5aa01bc6') in 0.009161 seconds
  Import took 0.012118 seconds .

========================================================================
Received Import Request.
  Time since last request: 205.107099 seconds.
  path: Assets/Scripts/Game.cs
  artifactKey: Guid(ac95d22cda1eec74ab4949316b6840cd) Importer(815301076,1909f56bfc062723c751e8b465ee728b)
Start importing Assets/Scripts/Game.cs using Guid(ac95d22cda1eec74ab4949316b6840cd) Importer(815301076,1909f56bfc062723c751e8b465ee728b)  -> (artifact id: '7d2b430025af683eb87fe149723ce125') in 0.004119 seconds
  Import took 0.008153 seconds .

========================================================================
Received Prepare
Registering precompiled user dll's ...
Registered in 0.000918 seconds.
Begin MonoManager ReloadAssembly
Native extension for WindowsStandalone target not found
Refreshing native plugins compatible for Editor in 0.21 ms, found 0 plugins.
Preloading 0 native plugins for Editor in 0.00 ms.
Mono: successfully reloaded assembly
- Completed reload, in  0.843 seconds
Platform modules already initialized, skipping
Refreshing native plugins compatible for Editor in 0.22 ms, found 0 plugins.
Preloading 0 native plugins for Editor in 0.00 ms.
Unloading 1112 Unused Serialized files (Serialized files now loaded: 0)
System memory in use before: 60.3 MB.
System memory in use after: 60.4 MB.

Unloading 5 unused Assets to reduce memory usage. Loaded Objects now: 1590.
Total: 1.698500 ms (FindLiveObjects: 0.153600 ms CreateObjectMapping: 0.028900 ms MarkObjects: 1.458100 ms  DeleteObjects: 0.057000 ms)

========================================================================
Received Prepare
Registering precompiled user dll's ...
Registered in 0.000887 seconds.
Begin MonoManager ReloadAssembly
Native extension for WindowsStandalone target not found
Refreshing native plugins compatible for Editor in 0.21 ms, found 0 plugins.
Preloading 0 native plugins for Editor in 0.00 ms.
Mono: successfully reloaded assembly
- Completed reload, in  0.886 seconds
Platform modules already initialized, skipping
Refreshing native plugins compatible for Editor in 0.22 ms, found 0 plugins.
Preloading 0 native plugins for Editor in 0.00 ms.
Unloading 1112 Unused Serialized files (Serialized files now loaded: 0)
System memory in use before: 60.3 MB.
System memory in use after: 60.4 MB.

Unloading 5 unused Assets to reduce memory usage. Loaded Objects now: 1593.
Total: 1.927600 ms (FindLiveObjects: 0.255300 ms CreateObjectMapping: 0.062600 ms MarkObjects: 1.546000 ms  DeleteObjects: 0.062400 ms)

========================================================================
Received Prepare
Registering precompiled user dll's ...
Registered in 0.000974 seconds.
Begin MonoManager ReloadAssembly
Native extension for WindowsStandalone target not found
Refreshing native plugins compatible for Editor in 0.21 ms, found 0 plugins.
Preloading 0 native plugins for Editor in 0.00 ms.
Mono: successfully reloaded assembly
- Completed reload, in  0.844 seconds
Platform modules already initialized, skipping
Refreshing native plugins compatible for Editor in 0.22 ms, found 0 plugins.
Preloading 0 native plugins for Editor in 0.00 ms.
Unloading 1112 Unused Serialized files (Serialized files now loaded: 0)
System memory in use before: 60.3 MB.
System memory in use after: 60.4 MB.

Unloading 5 unused Assets to reduce memory usage. Loaded Objects now: 1596.
Total: 1.884800 ms (FindLiveObjects: 0.262500 ms CreateObjectMapping: 0.050300 ms MarkObjects: 1.508800 ms  DeleteObjects: 0.061600 ms)

========================================================================
Received Import Request.
  Time since last request: 605.506270 seconds.
  path: Assets/Scripts/Game.cs
  artifactKey: Guid(ac95d22cda1eec74ab4949316b6840cd) Importer(815301076,1909f56bfc062723c751e8b465ee728b)
Start importing Assets/Scripts/Game.cs using Guid(ac95d22cda1eec74ab4949316b6840cd) Importer(815301076,1909f56bfc062723c751e8b465ee728b)  -> (artifact id: 'a52ba79aea804deeb00964c27a71275a') in 0.005625 seconds
  Import took 0.009275 seconds .

========================================================================
Received Prepare
Registering precompiled user dll's ...
Registered in 0.001292 seconds.
Begin MonoManager ReloadAssembly
Native extension for WindowsStandalone target not found
Refreshing native plugins compatible for Editor in 0.21 ms, found 0 plugins.
Preloading 0 native plugins for Editor in 0.00 ms.
Mono: successfully reloaded assembly
- Completed reload, in  0.844 seconds
Platform modules already initialized, skipping
Refreshing native plugins compatible for Editor in 0.21 ms, found 0 plugins.
Preloading 0 native plugins for Editor in 0.00 ms.
Unloading 1112 Unused Serialized files (Serialized files now loaded: 0)
System memory in use before: 60.3 MB.
System memory in use after: 60.4 MB.

Unloading 5 unused Assets to reduce memory usage. Loaded Objects now: 1599.
Total: 1.605700 ms (FindLiveObjects: 0.154900 ms CreateObjectMapping: 0.028300 ms MarkObjects: 1.369400 ms  DeleteObjects: 0.051600 ms)

========================================================================
Received Import Request.
  Time since last request: 202.677642 seconds.
  path: Assets/Scripts/Game.cs
  artifactKey: Guid(ac95d22cda1eec74ab4949316b6840cd) Importer(815301076,1909f56bfc062723c751e8b465ee728b)
Start importing Assets/Scripts/Game.cs using Guid(ac95d22cda1eec74ab4949316b6840cd) Importer(815301076,1909f56bfc062723c751e8b465ee728b)  -> (artifact id: '6dc16d5f4f847e65378d93f0e076685b') in 0.005647 seconds
  Import took 0.008503 seconds .

========================================================================
Received Prepare
Registering precompiled user dll's ...
Registered in 0.000868 seconds.
Begin MonoManager ReloadAssembly
Native extension for WindowsStandalone target not found
Refreshing native plugins compatible for Editor in 0.25 ms, found 0 plugins.
Preloading 0 native plugins for Editor in 0.00 ms.
Mono: successfully reloaded assembly
- Completed reload, in  0.843 seconds
Platform modules already initialized, skipping
Refreshing native plugins compatible for Editor in 0.21 ms, found 0 plugins.
Preloading 0 native plugins for Editor in 0.00 ms.
Unloading 1112 Unused Serialized files (Serialized files now loaded: 0)
System memory in use before: 60.3 MB.
System memory in use after: 60.4 MB.

Unloading 5 unused Assets to reduce memory usage. Loaded Objects now: 1602.
Total: 1.762400 ms (FindLiveObjects: 0.167100 ms CreateObjectMapping: 0.028700 ms MarkObjects: 1.503800 ms  DeleteObjects: 0.061500 ms)

========================================================================
Received Prepare
Registering precompiled user dll's ...
Registered in 0.000925 seconds.
Begin MonoManager ReloadAssembly
Native extension for WindowsStandalone target not found
Refreshing native plugins compatible for Editor in 0.22 ms, found 0 plugins.
Preloading 0 native plugins for Editor in 0.00 ms.
Mono: successfully reloaded assembly
- Completed reload, in  0.820 seconds
Platform modules already initialized, skipping
Refreshing native plugins compatible for Editor in 0.21 ms, found 0 plugins.
Preloading 0 native plugins for Editor in 0.00 ms.
Unloading 1112 Unused Serialized files (Serialized files now loaded: 0)
System memory in use before: 60.3 MB.
System memory in use after: 60.4 MB.

Unloading 5 unused Assets to reduce memory usage. Loaded Objects now: 1605.
Total: 1.639300 ms (FindLiveObjects: 0.174100 ms CreateObjectMapping: 0.028400 ms MarkObjects: 1.384800 ms  DeleteObjects: 0.051200 ms)

========================================================================
Received Prepare
Registering precompiled user dll's ...
Registered in 0.001000 seconds.
Begin MonoManager ReloadAssembly
Native extension for WindowsStandalone target not found
Refreshing native plugins compatible for Editor in 0.21 ms, found 0 plugins.
Preloading 0 native plugins for Editor in 0.00 ms.
Mono: successfully reloaded assembly
- Completed reload, in  0.833 seconds
Platform modules already initialized, skipping
Refreshing native plugins compatible for Editor in 0.22 ms, found 0 plugins.
Preloading 0 native plugins for Editor in 0.00 ms.
Unloading 1112 Unused Serialized files (Serialized files now loaded: 0)
System memory in use before: 60.3 MB.
System memory in use after: 60.4 MB.

Unloading 5 unused Assets to reduce memory usage. Loaded Objects now: 1608.
Total: 1.690600 ms (FindLiveObjects: 0.188400 ms CreateObjectMapping: 0.028700 ms MarkObjects: 1.415900 ms  DeleteObjects: 0.056200 ms)

========================================================================
Received Import Request.
  Time since last request: 139.801476 seconds.
  path: Assets/Scripts/Game.cs
  artifactKey: Guid(ac95d22cda1eec74ab4949316b6840cd) Importer(815301076,1909f56bfc062723c751e8b465ee728b)
Start importing Assets/Scripts/Game.cs using Guid(ac95d22cda1eec74ab4949316b6840cd) Importer(815301076,1909f56bfc062723c751e8b465ee728b)  -> (artifact id: '6d7eba9a9a53009c3442cb317b60f243') in 0.006252 seconds
  Import took 0.008154 seconds .

========================================================================
Received Prepare
Registering precompiled user dll's ...
Registered in 0.000909 seconds.
Begin MonoManager ReloadAssembly
Native extension for WindowsStandalone target not found
Refreshing native plugins compatible for Editor in 0.24 ms, found 0 plugins.
Preloading 0 native plugins for Editor in 0.00 ms.
Mono: successfully reloaded assembly
- Completed reload, in  0.896 seconds
Platform modules already initialized, skipping
Refreshing native plugins compatible for Editor in 0.39 ms, found 0 plugins.
Preloading 0 native plugins for Editor in 0.00 ms.
Unloading 1112 Unused Serialized files (Serialized files now loaded: 0)
System memory in use before: 60.3 MB.
System memory in use after: 60.4 MB.

Unloading 5 unused Assets to reduce memory usage. Loaded Objects now: 1611.
Total: 1.982000 ms (FindLiveObjects: 0.236900 ms CreateObjectMapping: 0.043800 ms MarkObjects: 1.642500 ms  DeleteObjects: 0.057100 ms)

========================================================================
Received Prepare
Registering precompiled user dll's ...
Registered in 0.000833 seconds.
Begin MonoManager ReloadAssembly
Native extension for WindowsStandalone target not found
Refreshing native plugins compatible for Editor in 0.21 ms, found 0 plugins.
Preloading 0 native plugins for Editor in 0.00 ms.
Mono: successfully reloaded assembly
- Completed reload, in  0.838 seconds
Platform modules already initialized, skipping
Refreshing native plugins compatible for Editor in 0.21 ms, found 0 plugins.
Preloading 0 native plugins for Editor in 0.00 ms.
Unloading 1112 Unused Serialized files (Serialized files now loaded: 0)
System memory in use before: 60.3 MB.
System memory in use after: 60.4 MB.

Unloading 5 unused Assets to reduce memory usage. Loaded Objects now: 1614.
Total: 1.809800 ms (FindLiveObjects: 0.185300 ms CreateObjectMapping: 0.031200 ms MarkObjects: 1.532200 ms  DeleteObjects: 0.059100 ms)

========================================================================
Received Prepare
Registering precompiled user dll's ...
Registered in 0.001219 seconds.
Begin MonoManager ReloadAssembly
Native extension for WindowsStandalone target not found
Refreshing native plugins compatible for Editor in 0.22 ms, found 0 plugins.
Preloading 0 native plugins for Editor in 0.00 ms.
Mono: successfully reloaded assembly
- Completed reload, in  0.886 seconds
Platform modules already initialized, skipping
Refreshing native plugins compatible for Editor in 0.23 ms, found 0 plugins.
Preloading 0 native plugins for Editor in 0.00 ms.
Unloading 1112 Unused Serialized files (Serialized files now loaded: 0)
System memory in use before: 60.3 MB.
System memory in use after: 60.4 MB.

Unloading 5 unused Assets to reduce memory usage. Loaded Objects now: 1617.
Total: 1.873700 ms (FindLiveObjects: 0.256300 ms CreateObjectMapping: 0.057900 ms MarkObjects: 1.495000 ms  DeleteObjects: 0.063300 ms)

AssetImportWorkerClient::OnTransportError - code=2 error=End of file
